[2026-06-29 02:02:09] [ERROR] Invalid domain format: not valid!
[2026-06-29 02:02:09] [ERROR] Invalid IP octet: 999.999.999.999
[2026-06-29 02:02:09] [INFO] Cache cleared for namespace: test
[2026-06-29 02:02:14] [ERROR] Invalid domain format: not valid!
[2026-06-29 02:02:14] [ERROR] Invalid IP octet: 999.999.999.999
[2026-06-29 02:02:14] [INFO] Cache cleared for namespace: test
[2026-06-29 02:02:14] [INFO] === recon-tools health check v1.0.0 ===
[2026-06-29 02:02:14] [INFO] Checking required tools...
[2026-06-29 02:02:14] [INFO] SUCCESS: curl found: curl 8.18.0 (x86_64-redhat-linux-gnu) libcurl/8.18.0 OpenSSL/3.5.7 zlib/1.3.1.zlib-ng brotli/1.2.0 libidn2/2.3.8 libpsl/0.21.5 libssh/0.12.0/openssl/zlib nghttp2/1.68.0 ngtcp2/1.22.1 nghttp3/1.16.0 mit-krb5/1.22.2 OpenLDAP/2.6.13
[2026-06-29 02:02:14] [INFO] SUCCESS: jq found: jq-1.8.1
[2026-06-29 02:02:14] [INFO] Checking optional recon tools...
[2026-06-29 02:02:14] [INFO] Optional tools: 3/31 installed
[2026-06-29 02:02:14] [WARN] GITHUB_TOKEN not set
[2026-06-29 02:02:14] [WARN] SHODAN_API_KEY not set
[2026-06-29 02:02:14] [WARN] TELEGRAM_TOKEN not set
[2026-06-29 02:02:14] [WARN] VPS_IP not set (remote functions disabled)
[2026-06-29 02:02:14] [WARN] Cannot reach api.github.com
[2026-06-29 02:02:14] [ERROR] Missing: /home/xin/work/results
[2026-06-29 02:02:14] [INFO] SUCCESS: Directory OK: /home/xin/Documents/labs/recon-tools/cache
[2026-06-29 02:02:14] [INFO] SUCCESS: Directory OK: /home/xin/Documents/labs/recon-tools/logs
[2026-06-29 02:02:14] [ERROR] Health check completed with errors
